2025-09-28T23:51:55,035 | INFO  | CM Configuration Updater (Update: pid=org.ops4j.pax.logging) | EventAdminConfigurationNotifier  | 7 - org.ops4j.pax.logging.pax-logging-log4j2 - 2.2.0 | Sending Event Admin notification (configuration successful) to org/ops4j/pax/logging/Configuration
2025-09-28T23:51:55,252 | WARN  | CM Configuration Updater (Update: pid=org.apache.felix.fileinstall~deploy) | fileinstall                      | 18 - org.apache.felix.fileinstall - 3.7.4 | /tmp/verisium_debug_temp_dir_2445477/karaf/deploy does not exist, please create it.
2025-09-28T23:51:55,252 | WARN  | CM Configuration Updater (Update: pid=org.apache.felix.fileinstall~deploy) | fileinstall                      | 18 - org.apache.felix.fileinstall - 3.7.4 | Root path does not exist: /tmp/verisium_debug_temp_dir_2445477/karaf/deploy
2025-09-28T23:51:55,909 | INFO  | activator-1-thread-2 | FeaturesServiceImpl              | 19 - org.apache.karaf.features.core - 4.4.3 | Adding features: instance/[4.4.3,4.4.3],config/[4.4.3,4.4.3],kar/[4.4.3,4.4.3],framework/[4.4.3,4.4.3],scr/[4.4.3,4.4.3],shell/[4.4.3,4.4.3],service/[4.4.3,4.4.3],diagnostic/[4.4.3,4.4.3],jaas/[4.4.3,4.4.3],verisium-debug-splash/[15.22.0,15.22.0],package/[4.4.3,4.4.3],system/[4.4.3,4.4.3],feature/[4.4.3,4.4.3],verisium-debug-main/[15.22.0,15.22.0],deployer/[4.4.3,4.4.3],management/[4.4.3,4.4.3],bundle/[4.4.3,4.4.3],eventadmin/[4.4.3,4.4.3],log/[4.4.3,4.4.3],ssh/[4.4.3,4.4.3],wrap/[2.6.12,2.6.12]
2025-09-28T23:51:56,019 | INFO  | features-3-thread-1 | FeaturesServiceImpl              | 19 - org.apache.karaf.features.core - 4.4.3 | Changes to perform:
2025-09-28T23:51:56,019 | INFO  | features-3-thread-1 | FeaturesServiceImpl              | 19 - org.apache.karaf.features.core - 4.4.3 |   Region: root
2025-09-28T23:51:56,019 | INFO  | features-3-thread-1 | FeaturesServiceImpl              | 19 - org.apache.karaf.features.core - 4.4.3 |     Bundles to install:
2025-09-28T23:51:56,020 | INFO  | features-3-thread-1 | FeaturesServiceImpl              | 19 - org.apache.karaf.features.core - 4.4.3 |       mvn:org.ops4j.pax.url/pax-url-wrap/2.6.12/jar/uber
2025-09-28T23:51:56,021 | INFO  | features-3-thread-1 | FeaturesServiceImpl              | 19 - org.apache.karaf.features.core - 4.4.3 | Installing bundles:
2025-09-28T23:51:56,021 | INFO  | features-3-thread-1 | FeaturesServiceImpl              | 19 - org.apache.karaf.features.core - 4.4.3 |   mvn:org.ops4j.pax.url/pax-url-wrap/2.6.12/jar/uber
2025-09-28T23:51:56,042 | INFO  | features-3-thread-1 | FeaturesServiceImpl              | 19 - org.apache.karaf.features.core - 4.4.3 | Starting bundles:
2025-09-28T23:51:56,043 | INFO  | features-3-thread-1 | FeaturesServiceImpl              | 19 - org.apache.karaf.features.core - 4.4.3 |   org.ops4j.pax.url.wrap/2.6.12
2025-09-28T23:51:56,048 | INFO  | features-3-thread-1 | FeaturesServiceImpl              | 19 - org.apache.karaf.features.core - 4.4.3 | Done.
2025-09-28T23:51:59,555 | INFO  | features-3-thread-1 | FeaturesServiceImpl              | 19 - org.apache.karaf.features.core - 4.4.3 | Changes to perform:
2025-09-28T23:51:59,556 | INFO  | features-3-thread-1 | FeaturesServiceImpl              | 19 - org.apache.karaf.features.core - 4.4.3 |   Region: root
2025-09-28T23:51:59,556 | INFO  | features-3-thread-1 | FeaturesServiceImpl              | 19 - org.apache.karaf.features.core - 4.4.3 |     Bundles to install:
2025-09-28T23:51:59,556 | INFO  | features-3-thread-1 | FeaturesServiceImpl              | 19 - org.apache.karaf.features.core - 4.4.3 |       mvn:org.bouncycastle/bcpkix-jdk15on/1.70
2025-09-28T23:51:59,557 | INFO  | features-3-thread-1 | FeaturesServiceImpl              | 19 - org.apache.karaf.features.core - 4.4.3 |       mvn:org.bouncycastle/bcprov-jdk15on/1.70
2025-09-28T23:51:59,557 | INFO  | features-3-thread-1 | FeaturesServiceImpl              | 19 - org.apache.karaf.features.core - 4.4.3 |       mvn:org.bouncycastle/bcutil-jdk15on/1.70
2025-09-28T23:51:59,557 | INFO  | features-3-thread-1 | FeaturesServiceImpl              | 19 - org.apache.karaf.features.core - 4.4.3 |       file:/tmp/verisium_debug_temp_dir_2445477/karaf/system/com/cadence/tango/plugins/installer/1.0.0/framework-installer-15.22-SNAPSHOT.jar
2025-09-28T23:51:59,558 | INFO  | features-3-thread-1 | FeaturesServiceImpl              | 19 - org.apache.karaf.features.core - 4.4.3 |       file:/tmp/verisium_debug_temp_dir_2445477/karaf/system/com/cadence/tango/plugins/splash/1.0.0/osgi-splash-1.0-SNAPSHOT.jar
2025-09-28T23:51:59,558 | INFO  | features-3-thread-1 | FeaturesServiceImpl              | 19 - org.apache.karaf.features.core - 4.4.3 |       mvn:com.google.guava/guava/28.2-jre
2025-09-28T23:51:59,558 | INFO  | features-3-thread-1 | FeaturesServiceImpl              | 19 - org.apache.karaf.features.core - 4.4.3 |       mvn:com.google.guava/failureaccess/1.0.1
2025-09-28T23:51:59,558 | INFO  | features-3-thread-1 | FeaturesServiceImpl              | 19 - org.apache.karaf.features.core - 4.4.3 |       wrap:mvn:net.java.dev.jna/jna/4.4.0
2025-09-28T23:51:59,559 | INFO  | features-3-thread-1 | FeaturesServiceImpl              | 19 - org.apache.karaf.features.core - 4.4.3 |       mvn:org.apache.aries.jmx/org.apache.aries.jmx.api/1.1.5
2025-09-28T23:51:59,559 | INFO  | features-3-thread-1 | FeaturesServiceImpl              | 19 - org.apache.karaf.features.core - 4.4.3 |       mvn:org.apache.aries.jmx/org.apache.aries.jmx.core/1.1.8
2025-09-28T23:51:59,559 | INFO  | features-3-thread-1 | FeaturesServiceImpl              | 19 - org.apache.karaf.features.core - 4.4.3 |       mvn:org.apache.aries.jmx/org.apache.aries.jmx.whiteboard/1.2.0
2025-09-28T23:51:59,559 | INFO  | features-3-thread-1 | FeaturesServiceImpl              | 19 - org.apache.karaf.features.core - 4.4.3 |       mvn:org.apache.aries/org.apache.aries.util/1.1.3
2025-09-28T23:51:59,560 | INFO  | features-3-thread-1 | FeaturesServiceImpl              | 19 - org.apache.karaf.features.core - 4.4.3 |       mvn:org.apache.felix/org.apache.felix.scr/2.2.4
2025-09-28T23:51:59,560 | INFO  | features-3-thread-1 | FeaturesServiceImpl              | 19 - org.apache.karaf.features.core - 4.4.3 |       mvn:org.apache.karaf.bundle/org.apache.karaf.bundle.core/4.4.3
2025-09-28T23:51:59,560 | INFO  | features-3-thread-1 | FeaturesServiceImpl              | 19 - org.apache.karaf.features.core - 4.4.3 |       mvn:org.apache.karaf.deployer/org.apache.karaf.deployer.features/4.4.3
2025-09-28T23:51:59,560 | INFO  | features-3-thread-1 | FeaturesServiceImpl              | 19 - org.apache.karaf.features.core - 4.4.3 |       mvn:org.apache.karaf.deployer/org.apache.karaf.deployer.kar/4.4.3
2025-09-28T23:51:59,560 | INFO  | features-3-thread-1 | FeaturesServiceImpl              | 19 - org.apache.karaf.features.core - 4.4.3 |       mvn:org.apache.karaf.deployer/org.apache.karaf.deployer.wrap/4.4.3
2025-09-28T23:51:59,561 | INFO  | features-3-thread-1 | FeaturesServiceImpl              | 19 - org.apache.karaf.features.core - 4.4.3 |       mvn:org.apache.karaf.diagnostic/org.apache.karaf.diagnostic.core/4.4.3
2025-09-28T23:51:59,561 | INFO  | features-3-thread-1 | FeaturesServiceImpl              | 19 - org.apache.karaf.features.core - 4.4.3 |       mvn:org.apache.karaf/org.apache.karaf.event/4.4.3
2025-09-28T23:51:59,561 | INFO  | features-3-thread-1 | FeaturesServiceImpl              | 19 - org.apache.karaf.features.core - 4.4.3 |       mvn:org.apache.karaf.features/org.apache.karaf.features.command/4.4.3
2025-09-28T23:51:59,561 | INFO  | features-3-thread-1 | FeaturesServiceImpl              | 19 - org.apache.karaf.features.core - 4.4.3 |       mvn:org.apache.karaf.instance/org.apache.karaf.instance.core/4.4.3
2025-09-28T23:51:59,562 | INFO  | features-3-thread-1 | FeaturesServiceImpl              | 19 - org.apache.karaf.features.core - 4.4.3 |       mvn:org.apache.karaf.jaas/org.apache.karaf.jaas.command/4.4.3
2025-09-28T23:51:59,562 | INFO  | features-3-thread-1 | FeaturesServiceImpl              | 19 - org.apache.karaf.features.core - 4.4.3 |       mvn:org.apache.karaf.jaas/org.apache.karaf.jaas.config/4.4.3
2025-09-28T23:51:59,562 | INFO  | features-3-thread-1 | FeaturesServiceImpl              | 19 - org.apache.karaf.features.core - 4.4.3 |       mvn:org.apache.karaf.jaas/org.apache.karaf.jaas.modules/4.4.3
2025-09-28T23:51:59,562 | INFO  | features-3-thread-1 | FeaturesServiceImpl              | 19 - org.apache.karaf.features.core - 4.4.3 |       mvn:org.apache.karaf.kar/org.apache.karaf.kar.core/4.4.3
2025-09-28T23:51:59,562 | INFO  | features-3-thread-1 | FeaturesServiceImpl              | 19 - org.apache.karaf.features.core - 4.4.3 |       mvn:org.apache.karaf.log/org.apache.karaf.log.core/4.4.3
2025-09-28T23:51:59,562 | INFO  | features-3-thread-1 | FeaturesServiceImpl              | 19 - org.apache.karaf.features.core - 4.4.3 |       mvn:org.apache.karaf.management/org.apache.karaf.management.server/4.4.3
2025-09-28T23:51:59,563 | INFO  | features-3-thread-1 | FeaturesServiceImpl              | 19 - org.apache.karaf.features.core - 4.4.3 |       mvn:org.apache.karaf.package/org.apache.karaf.package.core/4.4.3
2025-09-28T23:51:59,563 | INFO  | features-3-thread-1 | FeaturesServiceImpl              | 19 - org.apache.karaf.features.core - 4.4.3 |       mvn:org.apache.karaf.scr/org.apache.karaf.scr.management/4.4.3
2025-09-28T23:51:59,564 | INFO  | features-3-thread-1 | FeaturesServiceImpl              | 19 - org.apache.karaf.features.core - 4.4.3 |       mvn:org.apache.karaf.scr/org.apache.karaf.scr.state/4.4.3
2025-09-28T23:51:59,564 | INFO  | features-3-thread-1 | FeaturesServiceImpl              | 19 - org.apache.karaf.features.core - 4.4.3 |       mvn:org.apache.karaf.service/org.apache.karaf.service.core/4.4.3
2025-09-28T23:51:59,564 | INFO  | features-3-thread-1 | FeaturesServiceImpl              | 19 - org.apache.karaf.features.core - 4.4.3 |       mvn:org.apache.karaf.shell/org.apache.karaf.shell.commands/4.4.3
2025-09-28T23:51:59,564 | INFO  | features-3-thread-1 | FeaturesServiceImpl              | 19 - org.apache.karaf.features.core - 4.4.3 |       mvn:org.apache.karaf.shell/org.apache.karaf.shell.core/4.4.3
2025-09-28T23:51:59,564 | INFO  | features-3-thread-1 | FeaturesServiceImpl              | 19 - org.apache.karaf.features.core - 4.4.3 |       mvn:org.apache.karaf.shell/org.apache.karaf.shell.ssh/4.4.3
2025-09-28T23:51:59,564 | INFO  | features-3-thread-1 | FeaturesServiceImpl              | 19 - org.apache.karaf.features.core - 4.4.3 |       mvn:org.apache.karaf.system/org.apache.karaf.system.core/4.4.3
2025-09-28T23:51:59,565 | INFO  | features-3-thread-1 | FeaturesServiceImpl              | 19 - org.apache.karaf.features.core - 4.4.3 |       mvn:org.apache.sshd/sshd-osgi/2.9.2
2025-09-28T23:51:59,565 | INFO  | features-3-thread-1 | FeaturesServiceImpl              | 19 - org.apache.karaf.features.core - 4.4.3 |       mvn:org.apache.sshd/sshd-scp/2.9.2
2025-09-28T23:51:59,565 | INFO  | features-3-thread-1 | FeaturesServiceImpl              | 19 - org.apache.karaf.features.core - 4.4.3 |       mvn:org.apache.sshd/sshd-sftp/2.9.2
2025-09-28T23:51:59,565 | INFO  | features-3-thread-1 | FeaturesServiceImpl              | 19 - org.apache.karaf.features.core - 4.4.3 |       mvn:org.jline/jline/3.21.0
2025-09-28T23:51:59,566 | INFO  | features-3-thread-1 | FeaturesServiceImpl              | 19 - org.apache.karaf.features.core - 4.4.3 |       mvn:org.osgi/org.osgi.service.component/1.5.0
2025-09-28T23:51:59,566 | INFO  | features-3-thread-1 | FeaturesServiceImpl              | 19 - org.apache.karaf.features.core - 4.4.3 |       wrap:mvn:com.ochafik/ochafik-swing/0.9.9
2025-09-28T23:51:59,566 | INFO  | features-3-thread-1 | FeaturesServiceImpl              | 19 - org.apache.karaf.features.core - 4.4.3 |       wrap:mvn:com.sun.xml.bind/jaxb-impl/2.1.2
2025-09-28T23:51:59,566 | INFO  | features-3-thread-1 | FeaturesServiceImpl              | 19 - org.apache.karaf.features.core - 4.4.3 |       wrap:mvn:jide/jide/3.5.1
2025-09-28T23:51:59,566 | INFO  | features-3-thread-1 | FeaturesServiceImpl              | 19 - org.apache.karaf.features.core - 4.4.3 |       wrap:mvn:org.apache.httpcomponents/httpclient/4.5.13
2025-09-28T23:51:59,566 | INFO  | features-3-thread-1 | FeaturesServiceImpl              | 19 - org.apache.karaf.features.core - 4.4.3 |       wrap:mvn:org.apache.httpcomponents/httpcore/4.4.8
2025-09-28T23:51:59,567 | INFO  | features-3-thread-1 | FeaturesServiceImpl              | 19 - org.apache.karaf.features.core - 4.4.3 |       wrap:mvn:org.springframework/spring-beans/3.2.8.RELEASE
2025-09-28T23:51:59,567 | INFO  | features-3-thread-1 | FeaturesServiceImpl              | 19 - org.apache.karaf.features.core - 4.4.3 |       wrap:mvn:org.springframework/spring-context/3.2.8.RELEASE
2025-09-28T23:51:59,567 | INFO  | features-3-thread-1 | FeaturesServiceImpl              | 19 - org.apache.karaf.features.core - 4.4.3 |       wrap:mvn:org.springframework/spring-core/3.2.8.RELEASE
2025-09-28T23:51:59,568 | INFO  | features-3-thread-1 | FeaturesServiceImpl              | 19 - org.apache.karaf.features.core - 4.4.3 |       wrap:mvn:org.springframework/spring-web/3.2.8.RELEASE
2025-09-28T23:51:59,569 | INFO  | features-3-thread-1 | FeaturesServiceImpl              | 19 - org.apache.karaf.features.core - 4.4.3 |       wrap:file:/tmp/verisium_debug_temp_dir_2445477/karaf/system/com/cadence/tango/plugins/installer/1.0.0/jfxrt.jar
2025-09-28T23:51:59,569 | INFO  | features-3-thread-1 | FeaturesServiceImpl              | 19 - org.apache.karaf.features.core - 4.4.3 |       wrap:file:/tmp/verisium_debug_temp_dir_2445477/karaf/system/com/cadence/tango/plugins/installer/1.0.0/jfxswt.jar
2025-09-28T23:51:59,570 | INFO  | features-3-thread-1 | FeaturesServiceImpl              | 19 - org.apache.karaf.features.core - 4.4.3 | Stopping bundles:
2025-09-28T23:51:59,574 | INFO  | features-3-thread-1 | FeaturesServiceImpl              | 19 - org.apache.karaf.features.core - 4.4.3 |   org.apache.karaf.config.core/4.4.3
2025-09-28T23:51:59,582 | INFO  | features-3-thread-1 | FeaturesServiceImpl              | 19 - org.apache.karaf.features.core - 4.4.3 | Installing bundles:
2025-09-28T23:51:59,582 | INFO  | features-3-thread-1 | FeaturesServiceImpl              | 19 - org.apache.karaf.features.core - 4.4.3 |   mvn:org.bouncycastle/bcpkix-jdk15on/1.70
2025-09-28T23:51:59,604 | INFO  | features-3-thread-1 | FeaturesServiceImpl              | 19 - org.apache.karaf.features.core - 4.4.3 |   mvn:org.bouncycastle/bcprov-jdk15on/1.70
2025-09-28T23:51:59,626 | INFO  | features-3-thread-1 | FeaturesServiceImpl              | 19 - org.apache.karaf.features.core - 4.4.3 |   mvn:org.bouncycastle/bcutil-jdk15on/1.70
2025-09-28T23:51:59,632 | INFO  | features-3-thread-1 | FeaturesServiceImpl              | 19 - org.apache.karaf.features.core - 4.4.3 |   file:/tmp/verisium_debug_temp_dir_2445477/karaf/system/com/cadence/tango/plugins/installer/1.0.0/framework-installer-15.22-SNAPSHOT.jar
2025-09-28T23:51:59,634 | INFO  | features-3-thread-1 | FeaturesServiceImpl              | 19 - org.apache.karaf.features.core - 4.4.3 |   file:/tmp/verisium_debug_temp_dir_2445477/karaf/system/com/cadence/tango/plugins/splash/1.0.0/osgi-splash-1.0-SNAPSHOT.jar
2025-09-28T23:51:59,636 | INFO  | features-3-thread-1 | FeaturesServiceImpl              | 19 - org.apache.karaf.features.core - 4.4.3 |   mvn:com.google.guava/guava/28.2-jre
2025-09-28T23:51:59,643 | INFO  | features-3-thread-1 | FeaturesServiceImpl              | 19 - org.apache.karaf.features.core - 4.4.3 |   mvn:com.google.guava/failureaccess/1.0.1
2025-09-28T23:51:59,645 | INFO  | features-3-thread-1 | FeaturesServiceImpl              | 19 - org.apache.karaf.features.core - 4.4.3 |   wrap:mvn:net.java.dev.jna/jna/4.4.0
2025-09-28T23:51:59,651 | INFO  | features-3-thread-1 | FeaturesServiceImpl              | 19 - org.apache.karaf.features.core - 4.4.3 |   mvn:org.apache.aries.jmx/org.apache.aries.jmx.api/1.1.5
2025-09-28T23:51:59,653 | INFO  | features-3-thread-1 | FeaturesServiceImpl              | 19 - org.apache.karaf.features.core - 4.4.3 |   mvn:org.apache.aries.jmx/org.apache.aries.jmx.core/1.1.8
2025-09-28T23:51:59,655 | INFO  | features-3-thread-1 | FeaturesServiceImpl              | 19 - org.apache.karaf.features.core - 4.4.3 |   mvn:org.apache.aries.jmx/org.apache.aries.jmx.whiteboard/1.2.0
2025-09-28T23:51:59,657 | INFO  | features-3-thread-1 | FeaturesServiceImpl              | 19 - org.apache.karaf.features.core - 4.4.3 |   mvn:org.apache.aries/org.apache.aries.util/1.1.3
2025-09-28T23:51:59,659 | INFO  | features-3-thread-1 | FeaturesServiceImpl              | 19 - org.apache.karaf.features.core - 4.4.3 |   mvn:org.apache.felix/org.apache.felix.scr/2.2.4
2025-09-28T23:51:59,662 | INFO  | features-3-thread-1 | FeaturesServiceImpl              | 19 - org.apache.karaf.features.core - 4.4.3 |   mvn:org.apache.karaf.bundle/org.apache.karaf.bundle.core/4.4.3
2025-09-28T23:51:59,665 | INFO  | features-3-thread-1 | FeaturesServiceImpl              | 19 - org.apache.karaf.features.core - 4.4.3 |   mvn:org.apache.karaf.deployer/org.apache.karaf.deployer.features/4.4.3
2025-09-28T23:51:59,667 | INFO  | features-3-thread-1 | FeaturesServiceImpl              | 19 - org.apache.karaf.features.core - 4.4.3 |   mvn:org.apache.karaf.deployer/org.apache.karaf.deployer.kar/4.4.3
2025-09-28T23:51:59,669 | INFO  | features-3-thread-1 | FeaturesServiceImpl              | 19 - org.apache.karaf.features.core - 4.4.3 |   mvn:org.apache.karaf.deployer/org.apache.karaf.deployer.wrap/4.4.3
2025-09-28T23:51:59,671 | INFO  | features-3-thread-1 | FeaturesServiceImpl              | 19 - org.apache.karaf.features.core - 4.4.3 |   mvn:org.apache.karaf.diagnostic/org.apache.karaf.diagnostic.core/4.4.3
2025-09-28T23:51:59,673 | INFO  | features-3-thread-1 | FeaturesServiceImpl              | 19 - org.apache.karaf.features.core - 4.4.3 |   mvn:org.apache.karaf/org.apache.karaf.event/4.4.3
2025-09-28T23:51:59,675 | INFO  | features-3-thread-1 | FeaturesServiceImpl              | 19 - org.apache.karaf.features.core - 4.4.3 |   mvn:org.apache.karaf.features/org.apache.karaf.features.command/4.4.3
2025-09-28T23:51:59,679 | INFO  | features-3-thread-1 | FeaturesServiceImpl              | 19 - org.apache.karaf.features.core - 4.4.3 |   mvn:org.apache.karaf.instance/org.apache.karaf.instance.core/4.4.3
2025-09-28T23:51:59,682 | INFO  | features-3-thread-1 | FeaturesServiceImpl              | 19 - org.apache.karaf.features.core - 4.4.3 |   mvn:org.apache.karaf.jaas/org.apache.karaf.jaas.command/4.4.3
2025-09-28T23:51:59,684 | INFO  | features-3-thread-1 | FeaturesServiceImpl              | 19 - org.apache.karaf.features.core - 4.4.3 |   mvn:org.apache.karaf.jaas/org.apache.karaf.jaas.config/4.4.3
2025-09-28T23:51:59,686 | INFO  | features-3-thread-1 | FeaturesServiceImpl              | 19 - org.apache.karaf.features.core - 4.4.3 |   mvn:org.apache.karaf.jaas/org.apache.karaf.jaas.modules/4.4.3
2025-09-28T23:51:59,690 | INFO  | features-3-thread-1 | FeaturesServiceImpl              | 19 - org.apache.karaf.features.core - 4.4.3 |   mvn:org.apache.karaf.kar/org.apache.karaf.kar.core/4.4.3
2025-09-28T23:51:59,693 | INFO  | features-3-thread-1 | FeaturesServiceImpl              | 19 - org.apache.karaf.features.core - 4.4.3 |   mvn:org.apache.karaf.log/org.apache.karaf.log.core/4.4.3
2025-09-28T23:51:59,696 | INFO  | features-3-thread-1 | FeaturesServiceImpl              | 19 - org.apache.karaf.features.core - 4.4.3 |   mvn:org.apache.karaf.management/org.apache.karaf.management.server/4.4.3
2025-09-28T23:51:59,698 | INFO  | features-3-thread-1 | FeaturesServiceImpl              | 19 - org.apache.karaf.features.core - 4.4.3 |   mvn:org.apache.karaf.package/org.apache.karaf.package.core/4.4.3
2025-09-28T23:51:59,700 | INFO  | features-3-thread-1 | FeaturesServiceImpl              | 19 - org.apache.karaf.features.core - 4.4.3 |   mvn:org.apache.karaf.scr/org.apache.karaf.scr.management/4.4.3
2025-09-28T23:51:59,703 | INFO  | features-3-thread-1 | FeaturesServiceImpl              | 19 - org.apache.karaf.features.core - 4.4.3 |   mvn:org.apache.karaf.scr/org.apache.karaf.scr.state/4.4.3
2025-09-28T23:51:59,704 | INFO  | features-3-thread-1 | FeaturesServiceImpl              | 19 - org.apache.karaf.features.core - 4.4.3 |   mvn:org.apache.karaf.service/org.apache.karaf.service.core/4.4.3
2025-09-28T23:51:59,706 | INFO  | features-3-thread-1 | FeaturesServiceImpl              | 19 - org.apache.karaf.features.core - 4.4.3 |   mvn:org.apache.karaf.shell/org.apache.karaf.shell.commands/4.4.3
2025-09-28T23:51:59,708 | INFO  | features-3-thread-1 | FeaturesServiceImpl              | 19 - org.apache.karaf.features.core - 4.4.3 |   mvn:org.apache.karaf.shell/org.apache.karaf.shell.core/4.4.3
2025-09-28T23:51:59,712 | INFO  | features-3-thread-1 | FeaturesServiceImpl              | 19 - org.apache.karaf.features.core - 4.4.3 |   mvn:org.apache.karaf.shell/org.apache.karaf.shell.ssh/4.4.3
2025-09-28T23:51:59,716 | INFO  | features-3-thread-1 | FeaturesServiceImpl              | 19 - org.apache.karaf.features.core - 4.4.3 |   mvn:org.apache.karaf.system/org.apache.karaf.system.core/4.4.3
2025-09-28T23:51:59,718 | INFO  | features-3-thread-1 | FeaturesServiceImpl              | 19 - org.apache.karaf.features.core - 4.4.3 |   mvn:org.apache.sshd/sshd-osgi/2.9.2
2025-09-28T23:51:59,726 | INFO  | features-3-thread-1 | FeaturesServiceImpl              | 19 - org.apache.karaf.features.core - 4.4.3 |   mvn:org.apache.sshd/sshd-scp/2.9.2
2025-09-28T23:51:59,728 | INFO  | features-3-thread-1 | FeaturesServiceImpl              | 19 - org.apache.karaf.features.core - 4.4.3 |   mvn:org.apache.sshd/sshd-sftp/2.9.2
2025-09-28T23:51:59,731 | INFO  | features-3-thread-1 | FeaturesServiceImpl              | 19 - org.apache.karaf.features.core - 4.4.3 |   mvn:org.jline/jline/3.21.0
2025-09-28T23:51:59,736 | INFO  | features-3-thread-1 | FeaturesServiceImpl              | 19 - org.apache.karaf.features.core - 4.4.3 |   mvn:org.osgi/org.osgi.service.component/1.5.0
2025-09-28T23:51:59,738 | INFO  | features-3-thread-1 | FeaturesServiceImpl              | 19 - org.apache.karaf.features.core - 4.4.3 |   wrap:mvn:com.ochafik/ochafik-swing/0.9.9
2025-09-28T23:51:59,740 | INFO  | features-3-thread-1 | FeaturesServiceImpl              | 19 - org.apache.karaf.features.core - 4.4.3 |   wrap:mvn:com.sun.xml.bind/jaxb-impl/2.1.2
2025-09-28T23:51:59,744 | INFO  | features-3-thread-1 | FeaturesServiceImpl              | 19 - org.apache.karaf.features.core - 4.4.3 |   wrap:mvn:jide/jide/3.5.1
2025-09-28T23:51:59,764 | INFO  | features-3-thread-1 | FeaturesServiceImpl              | 19 - org.apache.karaf.features.core - 4.4.3 |   wrap:mvn:org.apache.httpcomponents/httpclient/4.5.13
2025-09-28T23:51:59,770 | INFO  | features-3-thread-1 | FeaturesServiceImpl              | 19 - org.apache.karaf.features.core - 4.4.3 |   wrap:mvn:org.apache.httpcomponents/httpcore/4.4.8
2025-09-28T23:51:59,772 | INFO  | features-3-thread-1 | FeaturesServiceImpl              | 19 - org.apache.karaf.features.core - 4.4.3 |   wrap:mvn:org.springframework/spring-beans/3.2.8.RELEASE
2025-09-28T23:51:59,775 | INFO  | features-3-thread-1 | FeaturesServiceImpl              | 19 - org.apache.karaf.features.core - 4.4.3 |   wrap:mvn:org.springframework/spring-context/3.2.8.RELEASE
2025-09-28T23:51:59,782 | INFO  | features-3-thread-1 | FeaturesServiceImpl              | 19 - org.apache.karaf.features.core - 4.4.3 |   wrap:mvn:org.springframework/spring-core/3.2.8.RELEASE
2025-09-28T23:51:59,785 | INFO  | features-3-thread-1 | FeaturesServiceImpl              | 19 - org.apache.karaf.features.core - 4.4.3 |   wrap:mvn:org.springframework/spring-web/3.2.8.RELEASE
2025-09-28T23:51:59,790 | INFO  | features-3-thread-1 | FeaturesServiceImpl              | 19 - org.apache.karaf.features.core - 4.4.3 |   wrap:file:/tmp/verisium_debug_temp_dir_2445477/karaf/system/com/cadence/tango/plugins/installer/1.0.0/jfxrt.jar
2025-09-28T23:51:59,810 | INFO  | features-3-thread-1 | FeaturesServiceImpl              | 19 - org.apache.karaf.features.core - 4.4.3 |   wrap:file:/tmp/verisium_debug_temp_dir_2445477/karaf/system/com/cadence/tango/plugins/installer/1.0.0/jfxswt.jar
2025-09-28T23:51:59,854 | INFO  | features-3-thread-1 | FeaturesServiceImpl              | 19 - org.apache.karaf.features.core - 4.4.3 | Refreshing bundles:
2025-09-28T23:51:59,854 | INFO  | features-3-thread-1 | FeaturesServiceImpl              | 19 - org.apache.karaf.features.core - 4.4.3 |     org.apache.karaf.config.core/4.4.3 (Should be wired to: org.apache.karaf.shell.core/4.4.3 (through [org.apache.karaf.config.core [13](R 13.0)] osgi.wiring.package; (&(osgi.wiring.package=org.apache.karaf.shell.api.action)(version>=4.4.0)(!(version>=5.0.0)))))
2025-09-28T23:52:00,007 | INFO  | features-3-thread-1 | FeaturesServiceImpl              | 19 - org.apache.karaf.features.core - 4.4.3 | Starting bundles:
2025-09-28T23:52:00,009 | INFO  | features-3-thread-1 | FeaturesServiceImpl              | 19 - org.apache.karaf.features.core - 4.4.3 |   org.apache.karaf.config.core/4.4.3
2025-09-28T23:52:00,025 | INFO  | features-3-thread-1 | FeaturesServiceImpl              | 19 - org.apache.karaf.features.core - 4.4.3 |   org.apache.aries.util/1.1.3
2025-09-28T23:52:00,027 | INFO  | features-3-thread-1 | FeaturesServiceImpl              | 19 - org.apache.karaf.features.core - 4.4.3 |   org.apache.karaf.deployer.kar/4.4.3
2025-09-28T23:52:00,036 | INFO  | features-3-thread-1 | FeaturesServiceImpl              | 19 - org.apache.karaf.features.core - 4.4.3 |   org.apache.karaf.deployer.wrap/4.4.3
2025-09-28T23:52:00,046 | INFO  | features-3-thread-1 | FeaturesServiceImpl              | 19 - org.apache.karaf.features.core - 4.4.3 |   org.apache.karaf.deployer.features/4.4.3
2025-09-28T23:52:00,064 | INFO  | features-3-thread-1 | FeaturesServiceImpl              | 19 - org.apache.karaf.features.core - 4.4.3 |   bcprov/1.70.0
2025-09-28T23:52:00,065 | INFO  | features-3-thread-1 | FeaturesServiceImpl              | 19 - org.apache.karaf.features.core - 4.4.3 |   bcutil/1.70.0
2025-09-28T23:52:00,066 | INFO  | features-3-thread-1 | FeaturesServiceImpl              | 19 - org.apache.karaf.features.core - 4.4.3 |   bcpkix/1.70.0
2025-09-28T23:52:00,067 | INFO  | features-3-thread-1 | FeaturesServiceImpl              | 19 - org.apache.karaf.features.core - 4.4.3 |   org.apache.sshd.osgi/2.9.2
2025-09-28T23:52:00,068 | INFO  | features-3-thread-1 | FeaturesServiceImpl              | 19 - org.apache.karaf.features.core - 4.4.3 |   org.apache.sshd.scp/2.9.2
2025-09-28T23:52:00,069 | INFO  | features-3-thread-1 | FeaturesServiceImpl              | 19 - org.apache.karaf.features.core - 4.4.3 |   org.osgi.service.component/1.5.0.202109301733
2025-09-28T23:52:00,070 | INFO  | features-3-thread-1 | FeaturesServiceImpl              | 19 - org.apache.karaf.features.core - 4.4.3 |   org.apache.karaf.jaas.config/4.4.3
2025-09-28T23:52:00,078 | INFO  | features-3-thread-1 | FeaturesServiceImpl              | 19 - org.apache.karaf.features.core - 4.4.3 |   org.apache.sshd.sftp/2.9.2
2025-09-28T23:52:00,079 | INFO  | features-3-thread-1 | FeaturesServiceImpl              | 19 - org.apache.karaf.features.core - 4.4.3 |   org.jline/3.21.0
2025-09-28T23:52:00,080 | INFO  | features-3-thread-1 | FeaturesServiceImpl              | 19 - org.apache.karaf.features.core - 4.4.3 |   org.apache.karaf.shell.core/4.4.3
2025-09-28T23:52:00,163 | INFO  | features-3-thread-1 | CommandExtension                 | 53 - org.apache.karaf.shell.core - 4.4.3 | Registering commands for bundle org.apache.karaf.config.core/4.4.3
2025-09-28T23:52:00,196 | INFO  | features-3-thread-1 | CommandExtension                 | 53 - org.apache.karaf.shell.core - 4.4.3 | Registering commands for bundle org.apache.karaf.deployer.kar/4.4.3
2025-09-28T23:52:00,199 | INFO  | features-3-thread-1 | Activator                        | 53 - org.apache.karaf.shell.core - 4.4.3 | Not starting local console. To activate set karaf.startLocalConsole=true
2025-09-28T23:52:00,199 | INFO  | features-3-thread-1 | FeaturesServiceImpl              | 19 - org.apache.karaf.features.core - 4.4.3 |   org.apache.karaf.bundle.core/4.4.3
2025-09-28T23:52:00,223 | INFO  | features-3-thread-1 | CommandExtension                 | 53 - org.apache.karaf.shell.core - 4.4.3 | Registering commands for bundle org.apache.karaf.bundle.core/4.4.3
2025-09-28T23:52:00,223 | INFO  | features-3-thread-1 | FeaturesServiceImpl              | 19 - org.apache.karaf.features.core - 4.4.3 |   org.apache.karaf.diagnostic.core/4.4.3
2025-09-28T23:52:00,229 | INFO  | features-3-thread-1 | CommandExtension                 | 53 - org.apache.karaf.shell.core - 4.4.3 | Registering commands for bundle org.apache.karaf.diagnostic.core/4.4.3
2025-09-28T23:52:00,230 | INFO  | features-3-thread-1 | FeaturesServiceImpl              | 19 - org.apache.karaf.features.core - 4.4.3 |   org.apache.aries.jmx.api/1.1.5
2025-09-28T23:52:00,231 | INFO  | features-3-thread-1 | FeaturesServiceImpl              | 19 - org.apache.karaf.features.core - 4.4.3 |   org.apache.karaf.log.core/4.4.3
2025-09-28T23:52:00,240 | INFO  | features-3-thread-1 | CommandExtension                 | 53 - org.apache.karaf.shell.core - 4.4.3 | Registering commands for bundle org.apache.karaf.log.core/4.4.3
2025-09-28T23:52:00,246 | INFO  | activator-1-thread-1 | CommandExtension                 | 53 - org.apache.karaf.shell.core - 4.4.3 | Unregistering commands for bundle org.apache.karaf.log.core/4.4.3
2025-09-28T23:52:00,246 | INFO  | features-3-thread-1 | FeaturesServiceImpl              | 19 - org.apache.karaf.features.core - 4.4.3 |   org.apache.felix.scr/2.2.4
2025-09-28T23:52:00,249 | INFO  | activator-1-thread-1 | CommandExtension                 | 53 - org.apache.karaf.shell.core - 4.4.3 | Registering commands for bundle org.apache.karaf.log.core/4.4.3
2025-09-28T23:52:00,256 | INFO  | features-3-thread-1 | ROOT                             | 33 - org.apache.felix.scr - 2.2.4 | bundle org.apache.felix.scr:2.2.4 (33) Starting with globalExtender setting: false
2025-09-28T23:52:00,259 | INFO  | features-3-thread-1 | ROOT                             | 33 - org.apache.felix.scr - 2.2.4 | bundle org.apache.felix.scr:2.2.4 (33)  Version = 2.2.4
2025-09-28T23:52:00,269 | INFO  | features-3-thread-1 | FeaturesServiceImpl              | 19 - org.apache.karaf.features.core - 4.4.3 |   org.apache.karaf.scr.state/4.4.3
2025-09-28T23:52:00,311 | INFO  | features-3-thread-1 | FeaturesServiceImpl              | 19 - org.apache.karaf.features.core - 4.4.3 |   org.apache.aries.jmx.core/1.1.8
2025-09-28T23:52:00,315 | INFO  | features-3-thread-1 | core                             | 30 - org.apache.aries.jmx.core - 1.1.8 | Starting JMX OSGi agent
2025-09-28T23:52:00,328 | INFO  | features-3-thread-1 | core                             | 30 - org.apache.aries.jmx.core - 1.1.8 | Registering MBean with ObjectName [osgi.compendium:service=cm,version=1.3,framework=org.apache.felix.framework,uuid=49767484-4fae-4d33-ba6d-e1a3a00cc054] for service with service.id [16]
2025-09-28T23:52:00,336 | INFO  | features-3-thread-1 | FeaturesServiceImpl              | 19 - org.apache.karaf.features.core - 4.4.3 |   org.apache.karaf.system.core/4.4.3
2025-09-28T23:52:00,346 | INFO  | features-3-thread-1 | CommandExtension                 | 53 - org.apache.karaf.shell.core - 4.4.3 | Registering commands for bundle org.apache.karaf.system.core/4.4.3
2025-09-28T23:52:00,347 | INFO  | features-3-thread-1 | FeaturesServiceImpl              | 19 - org.apache.karaf.features.core - 4.4.3 |   org.apache.karaf.shell.commands/4.4.3
2025-09-28T23:52:00,356 | INFO  | features-3-thread-1 | CommandExtension                 | 53 - org.apache.karaf.shell.core - 4.4.3 | Registering commands for bundle org.apache.karaf.shell.commands/4.4.3
2025-09-28T23:52:00,357 | INFO  | features-3-thread-1 | FeaturesServiceImpl              | 19 - org.apache.karaf.features.core - 4.4.3 |   org.apache.karaf.jaas.modules/4.4.3
2025-09-28T23:52:00,364 | INFO  | features-3-thread-1 | FeaturesServiceImpl              | 19 - org.apache.karaf.features.core - 4.4.3 |   org.apache.karaf.shell.ssh/4.4.3
2025-09-28T23:52:00,390 | INFO  | features-3-thread-1 | CommandExtension                 | 53 - org.apache.karaf.shell.core - 4.4.3 | Command registration delayed for bundle org.apache.karaf.shell.ssh/4.4.3. Missing service: [org.apache.sshd.server.SshServer]
2025-09-28T23:52:00,390 | INFO  | features-3-thread-1 | FeaturesServiceImpl              | 19 - org.apache.karaf.features.core - 4.4.3 |   org.apache.karaf.features.command/4.4.3
2025-09-28T23:52:00,403 | INFO  | features-3-thread-1 | CommandExtension                 | 53 - org.apache.karaf.shell.core - 4.4.3 | Registering commands for bundle org.apache.karaf.features.command/4.4.3
2025-09-28T23:52:00,404 | INFO  | features-3-thread-1 | FeaturesServiceImpl              | 19 - org.apache.karaf.features.core - 4.4.3 |   org.apache.karaf.kar.core/4.4.3
2025-09-28T23:52:00,412 | INFO  | features-3-thread-1 | CommandExtension                 | 53 - org.apache.karaf.shell.core - 4.4.3 | Registering commands for bundle org.apache.karaf.kar.core/4.4.3
2025-09-28T23:52:00,414 | INFO  | features-3-thread-1 | FeaturesServiceImpl              | 19 - org.apache.karaf.features.core - 4.4.3 |   org.apache.karaf.instance.core/4.4.3
2025-09-28T23:52:00,431 | INFO  | features-3-thread-1 | CommandExtension                 | 53 - org.apache.karaf.shell.core - 4.4.3 | Registering commands for bundle org.apache.karaf.instance.core/4.4.3
2025-09-28T23:52:00,432 | INFO  | features-3-thread-1 | FeaturesServiceImpl              | 19 - org.apache.karaf.features.core - 4.4.3 |   org.apache.karaf.package.core/4.4.3
2025-09-28T23:52:00,438 | INFO  | features-3-thread-1 | CommandExtension                 | 53 - org.apache.karaf.shell.core - 4.4.3 | Registering commands for bundle org.apache.karaf.package.core/4.4.3
2025-09-28T23:52:00,439 | INFO  | features-3-thread-1 | FeaturesServiceImpl              | 19 - org.apache.karaf.features.core - 4.4.3 |   org.apache.karaf.management.server/4.4.3
2025-09-28T23:52:00,452 | INFO  | features-3-thread-1 | FeaturesServiceImpl              | 19 - org.apache.karaf.features.core - 4.4.3 |   org.apache.karaf.jaas.command/4.4.3
2025-09-28T23:52:00,453 | INFO  | activator-1-thread-1 | Activator                        | 47 - org.apache.karaf.management.server - 4.4.3 | Setting java.rmi.server.hostname system property to 0.0.0.0
2025-09-28T23:52:00,463 | ERROR | activator-1-thread-1 | Activator                        | 47 - org.apache.karaf.management.server - 4.4.3 | Can't init JMXConnectorServer: Cannot give port number without host name
2025-09-28T23:52:00,466 | INFO  | activator-1-thread-1 | core                             | 30 - org.apache.aries.jmx.core - 1.1.8 | Registering org.osgi.jmx.framework.PackageStateMBean to MBeanServer org.apache.karaf.management.internal.EventAdminMBeanServerWrapper@2e277a2d with name osgi.core:type=packageState,version=1.5,framework=org.apache.felix.framework,uuid=49767484-4fae-4d33-ba6d-e1a3a00cc054
2025-09-28T23:52:00,466 | INFO  | features-3-thread-1 | CommandExtension                 | 53 - org.apache.karaf.shell.core - 4.4.3 | Registering commands for bundle org.apache.karaf.jaas.command/4.4.3
2025-09-28T23:52:00,467 | INFO  | activator-1-thread-1 | core                             | 30 - org.apache.aries.jmx.core - 1.1.8 | Registering org.osgi.jmx.framework.ServiceStateMBean to MBeanServer org.apache.karaf.management.internal.EventAdminMBeanServerWrapper@2e277a2d with name osgi.core:type=serviceState,version=1.7,framework=org.apache.felix.framework,uuid=49767484-4fae-4d33-ba6d-e1a3a00cc054
2025-09-28T23:52:00,469 | INFO  | features-3-thread-1 | CommandExtension                 | 53 - org.apache.karaf.shell.core - 4.4.3 | Updating commands for bundle org.apache.karaf.jaas.command/4.4.3
2025-09-28T23:52:00,469 | INFO  | activator-1-thread-1 | core                             | 30 - org.apache.aries.jmx.core - 1.1.8 | Registering org.osgi.jmx.framework.wiring.BundleWiringStateMBean to MBeanServer org.apache.karaf.management.internal.EventAdminMBeanServerWrapper@2e277a2d with name osgi.core:type=wiringState,version=1.1,framework=org.apache.felix.framework,uuid=49767484-4fae-4d33-ba6d-e1a3a00cc054
2025-09-28T23:52:00,470 | INFO  | activator-1-thread-1 | core                             | 30 - org.apache.aries.jmx.core - 1.1.8 | Registering org.osgi.jmx.service.cm.ConfigurationAdminMBean to MBeanServer org.apache.karaf.management.internal.EventAdminMBeanServerWrapper@2e277a2d with name osgi.compendium:service=cm,version=1.3,framework=org.apache.felix.framework,uuid=49767484-4fae-4d33-ba6d-e1a3a00cc054
2025-09-28T23:52:00,470 | INFO  | features-3-thread-1 | CommandExtension                 | 53 - org.apache.karaf.shell.core - 4.4.3 | Updating commands for bundle org.apache.karaf.jaas.command/4.4.3
2025-09-28T23:52:00,471 | INFO  | activator-1-thread-1 | core                             | 30 - org.apache.aries.jmx.core - 1.1.8 | Registering org.osgi.jmx.framework.BundleStateMBean to MBeanServer org.apache.karaf.management.internal.EventAdminMBeanServerWrapper@2e277a2d with name osgi.core:type=bundleState,version=1.7,framework=org.apache.felix.framework,uuid=49767484-4fae-4d33-ba6d-e1a3a00cc054
2025-09-28T23:52:00,471 | INFO  | features-3-thread-1 | FeaturesServiceImpl              | 19 - org.apache.karaf.features.core - 4.4.3 |   org.apache.aries.jmx.whiteboard/1.2.0
2025-09-28T23:52:00,472 | INFO  | activator-1-thread-1 | core                             | 30 - org.apache.aries.jmx.core - 1.1.8 | Registering org.osgi.jmx.framework.FrameworkMBean to MBeanServer org.apache.karaf.management.internal.EventAdminMBeanServerWrapper@2e277a2d with name osgi.core:type=framework,version=1.7,framework=org.apache.felix.framework,uuid=49767484-4fae-4d33-ba6d-e1a3a00cc054
2025-09-28T23:52:00,477 | INFO  | activator-1-thread-1 | core                             | 30 - org.apache.aries.jmx.core - 1.1.8 | Unregistering org.osgi.jmx.framework.PackageStateMBean to MBeanServer org.apache.karaf.management.internal.EventAdminMBeanServerWrapper@2e277a2d with name osgi.core:type=packageState,version=1.5,framework=org.apache.felix.framework,uuid=49767484-4fae-4d33-ba6d-e1a3a00cc054
2025-09-28T23:52:00,477 | INFO  | activator-1-thread-1 | core                             | 30 - org.apache.aries.jmx.core - 1.1.8 | Unregistering org.osgi.jmx.framework.ServiceStateMBean to MBeanServer org.apache.karaf.management.internal.EventAdminMBeanServerWrapper@2e277a2d with name osgi.core:type=serviceState,version=1.7,framework=org.apache.felix.framework,uuid=49767484-4fae-4d33-ba6d-e1a3a00cc054
2025-09-28T23:52:00,477 | INFO  | features-3-thread-1 | FeaturesServiceImpl              | 19 - org.apache.karaf.features.core - 4.4.3 |   org.apache.karaf.scr.management/4.4.3
2025-09-28T23:52:00,478 | INFO  | activator-1-thread-1 | core                             | 30 - org.apache.aries.jmx.core - 1.1.8 | Unregistering org.osgi.jmx.framework.wiring.BundleWiringStateMBean to MBeanServer org.apache.karaf.management.internal.EventAdminMBeanServerWrapper@2e277a2d with name osgi.core:type=wiringState,version=1.1,framework=org.apache.felix.framework,uuid=49767484-4fae-4d33-ba6d-e1a3a00cc054
2025-09-28T23:52:00,478 | INFO  | activator-1-thread-1 | core                             | 30 - org.apache.aries.jmx.core - 1.1.8 | Unregistering org.osgi.jmx.service.cm.ConfigurationAdminMBean to MBeanServer org.apache.karaf.management.internal.EventAdminMBeanServerWrapper@2e277a2d with name osgi.compendium:service=cm,version=1.3,framework=org.apache.felix.framework,uuid=49767484-4fae-4d33-ba6d-e1a3a00cc054
2025-09-28T23:52:00,478 | INFO  | activator-1-thread-1 | core                             | 30 - org.apache.aries.jmx.core - 1.1.8 | Unregistering org.osgi.jmx.framework.BundleStateMBean to MBeanServer org.apache.karaf.management.internal.EventAdminMBeanServerWrapper@2e277a2d with name osgi.core:type=bundleState,version=1.7,framework=org.apache.felix.framework,uuid=49767484-4fae-4d33-ba6d-e1a3a00cc054
2025-09-28T23:52:00,479 | INFO  | activator-1-thread-1 | core                             | 30 - org.apache.aries.jmx.core - 1.1.8 | Unregistering org.osgi.jmx.framework.FrameworkMBean to MBeanServer org.apache.karaf.management.internal.EventAdminMBeanServerWrapper@2e277a2d with name osgi.core:type=framework,version=1.7,framework=org.apache.felix.framework,uuid=49767484-4fae-4d33-ba6d-e1a3a00cc054
2025-09-28T23:52:00,479 | WARN  | activator-1-thread-1 | core                             | 30 - org.apache.aries.jmx.core - 1.1.8 | Task rejected for JMX Notification dispatch of event [org.osgi.framework.ServiceEvent[source=[javax.management.MBeanServer]]] - Dispatcher may have been shutdown
2025-09-28T23:52:00,480 | WARN  | activator-1-thread-1 | Activator                        | 47 - org.apache.karaf.management.server - 4.4.3 | java.rmi.server.hostname system property is already set to 0.0.0.0. Apache Karaf doesn't override it
2025-09-28T23:52:00,481 | ERROR | activator-1-thread-1 | Activator                        | 47 - org.apache.karaf.management.server - 4.4.3 | Can't init JMXConnectorServer: Cannot give port number without host name
2025-09-28T23:52:00,487 | INFO  | features-3-thread-1 | ServiceComponentRuntimeMBeanImpl | 49 - org.apache.karaf.scr.management - 4.4.3 | Activating the Apache Karaf ServiceComponentRuntime MBean
2025-09-28T23:52:00,488 | INFO  | features-3-thread-1 | FeaturesServiceImpl              | 19 - org.apache.karaf.features.core - 4.4.3 |   org.apache.karaf.service.core/4.4.3
2025-09-28T23:52:00,488 | WARN  | FelixDispatchQueue | core                             | 30 - org.apache.aries.jmx.core - 1.1.8 | Task rejected for JMX Notification dispatch of event [org.osgi.framework.BundleEvent[source=org.apache.karaf.scr.management [49]]] - Dispatcher may have been shutdown
2025-09-28T23:52:00,542 | INFO  | activator-1-thread-1 | core                             | 30 - org.apache.aries.jmx.core - 1.1.8 | Registering org.osgi.jmx.framework.PackageStateMBean to MBeanServer org.apache.karaf.management.internal.EventAdminMBeanServerWrapper@88528a2 with name osgi.core:type=packageState,version=1.5,framework=org.apache.felix.framework,uuid=49767484-4fae-4d33-ba6d-e1a3a00cc054
2025-09-28T23:52:00,543 | INFO  | activator-1-thread-1 | core                             | 30 - org.apache.aries.jmx.core - 1.1.8 | Registering org.osgi.jmx.framework.ServiceStateMBean to MBeanServer org.apache.karaf.management.internal.EventAdminMBeanServerWrapper@88528a2 with name osgi.core:type=serviceState,version=1.7,framework=org.apache.felix.framework,uuid=49767484-4fae-4d33-ba6d-e1a3a00cc054
2025-09-28T23:52:00,543 | INFO  | activator-1-thread-1 | core                             | 30 - org.apache.aries.jmx.core - 1.1.8 | Registering org.osgi.jmx.framework.wiring.BundleWiringStateMBean to MBeanServer org.apache.karaf.management.internal.EventAdminMBeanServerWrapper@88528a2 with name osgi.core:type=wiringState,version=1.1,framework=org.apache.felix.framework,uuid=49767484-4fae-4d33-ba6d-e1a3a00cc054
2025-09-28T23:52:00,544 | INFO  | activator-1-thread-1 | core                             | 30 - org.apache.aries.jmx.core - 1.1.8 | Registering org.osgi.jmx.service.cm.ConfigurationAdminMBean to MBeanServer org.apache.karaf.management.internal.EventAdminMBeanServerWrapper@88528a2 with name osgi.compendium:service=cm,version=1.3,framework=org.apache.felix.framework,uuid=49767484-4fae-4d33-ba6d-e1a3a00cc054
2025-09-28T23:52:00,544 | INFO  | activator-1-thread-1 | core                             | 30 - org.apache.aries.jmx.core - 1.1.8 | Registering org.osgi.jmx.framework.BundleStateMBean to MBeanServer org.apache.karaf.management.internal.EventAdminMBeanServerWrapper@88528a2 with name osgi.core:type=bundleState,version=1.7,framework=org.apache.felix.framework,uuid=49767484-4fae-4d33-ba6d-e1a3a00cc054
2025-09-28T23:52:00,545 | INFO  | activator-1-thread-1 | core                             | 30 - org.apache.aries.jmx.core - 1.1.8 | Registering org.osgi.jmx.framework.FrameworkMBean to MBeanServer org.apache.karaf.management.internal.EventAdminMBeanServerWrapper@88528a2 with name osgi.core:type=framework,version=1.7,framework=org.apache.felix.framework,uuid=49767484-4fae-4d33-ba6d-e1a3a00cc054
2025-09-28T23:52:00,545 | INFO  | features-3-thread-1 | CommandExtension                 | 53 - org.apache.karaf.shell.core - 4.4.3 | Registering commands for bundle org.apache.karaf.service.core/4.4.3
2025-09-28T23:52:00,549 | INFO  | activator-1-thread-1 | CommandExtension                 | 53 - org.apache.karaf.shell.core - 4.4.3 | Registering commands for bundle org.apache.karaf.shell.ssh/4.4.3
2025-09-28T23:52:00,563 | INFO  | activator-1-thread-1 | DefaultIoServiceFactoryFactory   | 56 - org.apache.sshd.osgi - 2.9.2 | No detected/configured IoServiceFactoryFactory; using Nio2ServiceFactoryFactory
2025-09-28T23:52:00,564 | INFO  | features-3-thread-1 | FeaturesServiceImpl              | 19 - org.apache.karaf.features.core - 4.4.3 |   wrap_file__tmp_verisium_debug_temp_dir_2445477_karaf_offline_target_features-repo_org_springframework_spring-core_3.2.8.RELEASE_spring-core-3.2.8.RELEASE.jar/0.0.0
2025-09-28T23:52:00,565 | INFO  | features-3-thread-1 | FeaturesServiceImpl              | 19 - org.apache.karaf.features.core - 4.4.3 |   wrap_file__tmp_verisium_debug_temp_dir_2445477_karaf_offline_target_features-repo_org_springframework_spring-beans_3.2.8.RELEASE_spring-beans-3.2.8.RELEASE.jar/0.0.0
2025-09-28T23:52:00,569 | INFO  | features-3-thread-1 | FeaturesServiceImpl              | 19 - org.apache.karaf.features.core - 4.4.3 |   wrap_file__tmp_verisium_debug_temp_dir_2445477_karaf_offline_target_features-repo_org_springframework_spring-context_3.2.8.RELEASE_spring-context-3.2.8.RELEASE.jar/0.0.0
2025-09-28T23:52:00,570 | INFO  | features-3-thread-1 | FeaturesServiceImpl              | 19 - org.apache.karaf.features.core - 4.4.3 |   wrap_file__tmp_verisium_debug_temp_dir_2445477_karaf_offline_target_features-repo_org_apache_httpcomponents_httpcore_4.4.8_httpcore-4.4.8.jar/0.0.0
2025-09-28T23:52:00,572 | INFO  | features-3-thread-1 | FeaturesServiceImpl              | 19 - org.apache.karaf.features.core - 4.4.3 |   wrap_file__tmp_verisium_debug_temp_dir_2445477_karaf_offline_target_features-repo_org_apache_httpcomponents_httpclient_4.5.13_httpclient-4.5.13.jar/0.0.0
2025-09-28T23:52:00,573 | INFO  | features-3-thread-1 | FeaturesServiceImpl              | 19 - org.apache.karaf.features.core - 4.4.3 |   org.apache.karaf.event/4.4.3
2025-09-28T23:52:00,578 | ERROR | activator-1-thread-1 | Nio2Acceptor                     | 56 - org.apache.sshd.osgi - 2.9.2 | bind(/0.0.0.0:8101) - failed (BindException) to bind: Address already in use
2025-09-28T23:52:00,579 | INFO  | features-3-thread-1 | CommandExtension                 | 53 - org.apache.karaf.shell.core - 4.4.3 | Registering commands for bundle org.apache.karaf.event/4.4.3
2025-09-28T23:52:00,580 | INFO  | features-3-thread-1 | FeaturesServiceImpl              | 19 - org.apache.karaf.features.core - 4.4.3 |   wrap_file__tmp_verisium_debug_temp_dir_2445477_karaf_offline_target_features-repo_org_springframework_spring-web_3.2.8.RELEASE_spring-web-3.2.8.RELEASE.jar/0.0.0
2025-09-28T23:52:00,581 | INFO  | features-3-thread-1 | FeaturesServiceImpl              | 19 - org.apache.karaf.features.core - 4.4.3 |   com.sun.jna/4.4.0
2025-09-28T23:52:00,583 | INFO  | features-3-thread-1 | FeaturesServiceImpl              | 19 - org.apache.karaf.features.core - 4.4.3 |   com.cadence.tango.framework-installer/15.22.0.SNAPSHOT
2025-09-28T23:52:00,579 | WARN  | activator-1-thread-1 | Activator                        | 54 - org.apache.karaf.shell.ssh - 4.4.3 | Exception caught while starting SSH server
java.net.BindException: Address already in use
	at sun.nio.ch.Net.bind0(Native Method) ~[?:?]
	at sun.nio.ch.Net.bind(Net.java:461) ~[?:?]
	at sun.nio.ch.Net.bind(Net.java:453) ~[?:?]
	at sun.nio.ch.AsynchronousServerSocketChannelImpl.bind(AsynchronousServerSocketChannelImpl.java:164) ~[?:?]
	at org.apache.sshd.common.io.nio2.Nio2Acceptor.bind(Nio2Acceptor.java:83) ~[!/:2.9.2]
	at org.apache.sshd.common.io.nio2.Nio2Acceptor.bind(Nio2Acceptor.java:173) ~[!/:2.9.2]
	at org.apache.sshd.server.SshServer.start(SshServer.java:331) ~[!/:2.9.2]
	at org.apache.karaf.shell.ssh.Activator.createAndRunSshServer(Activator.java:129) ~[?:?]
	at org.apache.karaf.shell.ssh.Activator.doStart(Activator.java:116) ~[?:?]
	at org.apache.karaf.util.tracker.BaseActivator.run(BaseActivator.java:312) ~[?:?]
	at java.util.concurrent.Executors$RunnableAdapter.call(Executors.java:515) ~[?:?]
	at java.util.concurrent.FutureTask.run(FutureTask.java:264) ~[?:?]
	at java.util.concurrent.ThreadPoolExecutor.runWorker(ThreadPoolExecutor.java:1128) ~[?:?]
	at java.util.concurrent.ThreadPoolExecutor$Worker.run(ThreadPoolExecutor.java:628) ~[?:?]
	at java.lang.Thread.run(Thread.java:834) ~[?:?]
2025-09-28T23:52:08,536 | INFO  | features-3-thread-1 | FeaturesServiceImpl              | 19 - org.apache.karaf.features.core - 4.4.3 |   wrap_file__tmp_verisium_debug_temp_dir_2445477_karaf_offline_target_features-repo_com_ochafik_ochafik-swing_0.9.9_ochafik-swing-0.9.9.jar/0.0.0
2025-09-28T23:52:08,538 | INFO  | features-3-thread-1 | FeaturesServiceImpl              | 19 - org.apache.karaf.features.core - 4.4.3 |   wrap_file__tmp_verisium_debug_temp_dir_2445477_karaf_system_com_cadence_tango_plugins_installer_1.0.0_jfxrt.jar/0.0.0
2025-09-28T23:52:08,538 | INFO  | features-3-thread-1 | FeaturesServiceImpl              | 19 - org.apache.karaf.features.core - 4.4.3 |   wrap_file__tmp_verisium_debug_temp_dir_2445477_karaf_system_com_cadence_tango_plugins_installer_1.0.0_jfxswt.jar/0.0.0
2025-09-28T23:52:08,540 | INFO  | features-3-thread-1 | FeaturesServiceImpl              | 19 - org.apache.karaf.features.core - 4.4.3 |   com.google.guava.failureaccess/1.0.1
2025-09-28T23:52:08,541 | INFO  | features-3-thread-1 | FeaturesServiceImpl              | 19 - org.apache.karaf.features.core - 4.4.3 |   com.google.guava/28.2.0.jre
2025-09-28T23:52:08,544 | INFO  | features-3-thread-1 | FeaturesServiceImpl              | 19 - org.apache.karaf.features.core - 4.4.3 |   wrap_file__tmp_verisium_debug_temp_dir_2445477_karaf_offline_target_features-repo_com_sun_xml_bind_jaxb-impl_2.1.2_jaxb-impl-2.1.2.jar/0.0.0
2025-09-28T23:52:08,545 | INFO  | features-3-thread-1 | FeaturesServiceImpl              | 19 - org.apache.karaf.features.core - 4.4.3 |   com.cadence.tango.osgi-splash/1.0.0
2025-09-28T23:52:08,550 | INFO  | features-3-thread-1 | FeaturesServiceImpl              | 19 - org.apache.karaf.features.core - 4.4.3 |   wrap_file__tmp_verisium_debug_temp_dir_2445477_karaf_offline_target_features-repo_jide_jide_3.5.1_jide-3.5.1.jar/0.0.0
2025-09-28T23:52:08,553 | INFO  | features-3-thread-1 | Activator                        | 35 - org.apache.karaf.deployer.features - 4.4.3 | Deployment finished. Registering FeatureDeploymentListener
2025-09-28T23:52:08,672 | INFO  | features-3-thread-1 | FeaturesServiceImpl              | 19 - org.apache.karaf.features.core - 4.4.3 | Done.
